823_20130705.txt
Consumer-6: Processed output/2020_02_20/brabbott42_3_iter90
Classifying images, this takes some time...


Analyzing page 92 of 200


Writing output file: output/2020_02_20/brabbott42_3_iter87/twitter_brabbott42_20130825_20130707.txt


Output file complete.
Generating wordcloud from output/2020_02_20/brabbott42_3_iter87/twitter_brabbott42_20130825_20130707.txt

Writing output file: output/2020_02_20/brabbott42_3_iter89/twitter_brabbott42_20130819_20130703.txt


Output file complete.
Generating wordcloud from output/2020_02_20/brabbott42_3_iter89/twitter_brabbott42_20130819_20130703.txt
Consumer-12: Processed output/2020_02_20/brabbott42_3_iter91
Classifying images, this takes some time...


Analyzing page 93 of 200

Consumer-13: Processed output/2020_02_20/brabbott42_3_iter92
Classifying images, this takes some time...


Analyzing page 94 of 200


Writing output file: output/2020_02_20/brabbott42_3_iter90/twitter_brabbott42_20130810_20130626.txt


Output file complete.
Generating wordcloud from output/2020_02_20/brabbott42_3_iter90/twitter_brabbott42_20130810_20130626.txt
Saving word cloud to: output/2020_02_20/brabbott42_3_iter78/twitter_brabbott42_20131016_20130910.png
Invalid image detected: http://pbs.twimg.com/media/BM-jeTcCIAIeOez.jpg
, skipping
Consumer-16: Processed output/2020_02_20/brabbott42_3_iter93
Classifying images, this takes some time...


Analyzing page 95 of 200


Writing output file: output/2020_02_20/brabbott42_3_iter91/twitter_brabbott42_20130805_20130619.txt


Output file complete.
Generating wordcloud from output/2020_02_20/brabbott42_3_iter91/twitter_brabbott42_20130805_20130619.txt

Writing output file: output/2020_02_20/brabbott42_3_iter92/twitter_brabbott42_20130802_20130617.txt


Output file complete.
Generating wordcloud from output/2020_02_20/brabbott42_3_iter92/twitter_brabbott42_20130802_20130617.txt
Invalid image detected: http://pbs.twimg.com/media/BM-jeTcCIAIeOez.jpg
, skipping
Saving word cloud to: output/2020_02_20/brabbott42_3_iter79/twitter_brabbott42_20131009_20130907.png
Consumer-15: Processed output/2020_02_20/brabbott42_3_iter94
Classifying images, this takes some time...


Analyzing page 96 of 200


Writing output file: output/2020_02_20/brabbott42_3_iter93/twitter_brabbott42_20130724_20130614.txt


Output file complete.
Generating wordcloud from output/2020_02_20/brabbott42_3_iter93/twitter_brabbott42_20130724_20130614.txt
Invalid image detected: http://pbs.twimg.com/media/BM-jeTcCIAIeOez.jpg
, skipping
Saving word cloud to: output/2020_02_20/brabbott42_3_iter80/twitter_brabbott42_20131004_20130903.png
Consumer-2: Processed output/2020_02_20/brabbott42_3_iter95
Classifying images, this takes some time...


Analyzing page 97 of 200

Invalid image detected: http://pbs.twimg.com/media/BM-jeTcCIAIeOez.jpg
, skipping
Consumer-14: Processed output/2020_02_20/brabbott42_3_iter96
Classifying images, this takes some time...


Analyzing page 98 of 200


Writing output file: output/2020_02_20/brabbott42_3_iter94/twitter_brabbott42_20130713_20130610.txt


Output file complete.
Generating wordcloud from output/2020_02_20/brabbott42_3_iter94/twitter_brabbott42_20130713_20130610.txt
Saving word cloud to: output/2020_02_20/brabbott42_3_iter81/twitter_brabbott42_20131001_20130830.png
Invalid image detected: http://pbs.twimg.com/media/BM-jeTcCIAIeOez.jpg
, skipping
Consumer-17: Processed output/2020_02_20/brabbott42_3_iter97
Classifying images, this takes some time...


Analyzing page 99 of 200

Saving word cloud to: output/2020_02_20/brabbott42_3_iter82/twitter_brabbott42_20130927_20130824.png

Writing output file: output/2020_02_20/brabbott42_3_iter95/twitter_brabbott42_20130707_20130604.txt


Output file complete.
Generating wordcloud from output/2020_02_20/brabbott42_3_iter95/twitter_brabbott42_20130707_20130604.txt
Invalid image detected: http://pbs.twimg.com/media/BM-jeTcCIAIeOez.jpg
, skipping

Writing output file: output/2020_02_20/brabbott42_3_iter96/twitter_brabbott42_20130703_20130602.txt


Output file complete.
Generating wordcloud from output/2020_02_20/brabbott42_3_iter96/twitter_brabbott42_20130703_20130602.txt
Consumer-18: Processed output/2020_02_20/brabbott42_3_iter98
Classifying images, this takes some time...


Analyzing page 100 of 200

Saving word cloud to: output/2020_02_20/brabbott42_3_iter85/twitter_brabbott42_20130907_20130728.png
Saving word cloud to: output/2020_02_20/brabbott42_3_iter83/twitter_brabbott42_20130919_20130813.png
Invalid image detected: http://pbs.twimg.com/media/BM-jeTcCIAIeOez.jpg
, skipping
Writing output file: output/2020_02_20/brabbott42_3_iter97/twitter_brabbott42_20130625_20130530.txt



Output file complete.
Generating wordcloud from output/2020_02_20/brabbott42_3_iter97/twitter_brabbott42_20130625_20130530.txt
Consumer-1: Processed output/2020_02_20/brabbott42_3_iter99
Classifying images, this takes some time...


Analyzing page 101 of 200


Writing output file: output/2020_02_20/brabbott42_3_iter98/twitter_brabbott42_20130618_20130526.txt


Output file complete.
Generating wordcloud from output/2020_02_20/brabbott42_3_iter98/twitter_brabbott42_20130618_20130526.txt
Saving word cloud to: output/2020_02_20/brabbott42_3_iter86/twitter_brabbott42_20130902_20130714.png

Analyzing page 102 of 200
Consumer-19: Processed output/2020_02_20/brabbott42_3_iter100
Classifying images, this takes some time...


Saving word cloud to: output/2020_02_20/brabbott42_3_iter84/twitter_brabbott42_20130911_20130805.png

Writing output file: output/2020_02_20/brabbott42_3_iter99/twitter_brabbott42_20130617_20130523.txt


Output file complete.
Generating wordcloud from output/2020_02_20/brabbott42_3_iter99/twitter_brabbott42_20130617_20130523.txt

Analyzing page 103 of 200

Consumer-3: Processed output/2020_02_20/brabbott42_3_iter101
Classifying images, this takes some time...


Writing output file: output/2020_02_20/brabbott42_3_iter100/twitter_brabbott42_20130610_20130518.txt


Output file complete.
Generating wordcloud from output/2020_02_20/brabbott42_3_iter100/twitter_brabbott42_20130610_20130518.txt

Analyzing page 104 of 200

Consumer-4: Processed output/2020_02_20/brabbott42_3_iter102
Classifying images, this takes some time...

Saving word cloud to: output/2020_02_20/brabbott42_3_iter88/twitter_brabbott42_20130823_20130705.png
Saving word cloud to: output/2020_02_20/brabbott42_3_iter87/twitter_brabbott42_20130825_20130707.png

Writing output file: output/2020_02_20/brabbott42_3_iter101/twitter_brabbott42_20130605_20130515.txt


Output file complete.
Generating wordcloud from output/2020_02_20/brabbott42_3_iter101/twitter_brabbott42_20130605_20130515.txt
exception calling callback for <Future at 0x7f321c04bb50 state=finished raised TransportError>
Traceback (most recent call last):
  File "/home/ece-student/anaconda3/envs/assy02_apiDesign/lib/python3.8/site-packages/urllib3/connectionpool.py", line 665, in urlopen
    httplib_response = self._make_request(
  File "/home/ece-student/anaconda3/envs/assy02_apiDesign/lib/python3.8/site-packages/urllib3/connectionpool.py", line 387, in _make_request
    conn.request(method, url, **httplib_request_kw)
  File "/home/ece-student/anaconda3/envs/assy02_apiDesign/lib/python3.8/http/client.py", line 1230, in request
    self._send_request(method, url, body, headers, encode_chunked)
  File "/home/ece-student/anaconda3/envs/assy02_apiDesign/lib/python3.8/http/client.py", line 1276, in _send_request
    self.endheaders(body, encode_chunked=encode_chunked)
  File "/home/ece-student/anaconda3/envs/assy02_apiDesign/lib/python3.8/http/client.py", line 1225, in endheaders
    self._send_output(message_body, encode_chunked=encode_chunked)
  File "/home/ece-student/anaconda3/envs/assy02_apiDesign/lib/python3.8/http/client.py", line 1004, in _send_output
    self.send(msg)
  File "/home/ece-student/anaconda3/envs/assy02_apiDesign/lib/python3.8/http/client.py", line 965, in send
    self.sock.sendall(data)
  File "/home/ece-student/anaconda3/envs/assy02_apiDesign/lib/python3.8/ssl.py", line 1204, in sendall
    v = self.send(byte_view[count:])
  File "/home/ece-student/anaconda3/envs/assy02_apiDesign/lib/python3.8/ssl.py", line 1173, in send
    return self._sslobj.write(data)
BrokenPipeError: [Errno 32] Broken pipe

During handling of the above exception, another exception occurred:

Traceback (most recent call last):
  File "/home/ece-student/anaconda3/envs/assy02_apiDesign/lib/python3.8/site-packages/requests/adapters.py", line 439, in send
    resp = conn.urlopen(
  File "/home/ece-student/anaconda3/envs/assy02_apiDesign/lib/python3.8/site-packages/urllib3/connectionpool.py", line 719, in urlopen
    retries = retries.increment(
  File "/home/ece-student/anaconda3/envs/assy02_apiDesign/lib/python3.8/site-packages/urllib3/util/retry.py", line 400, in increment
    raise six.reraise(type(error), error, _stacktrace)
  File "/home/ece-student/anaconda3/envs/assy02_apiDesign/lib/python3.8/site-packages/urllib3/packages/six.py", line 734, in reraise
    raise value.with_traceback(tb)
  File "/home/ece-student/anaconda3/envs/assy02_apiDesign/lib/python3.8/site-packages/urllib3/connectionpool.py", line 665, in urlopen
    httplib_response = self._make_request(
  File "/home/ece-student/anaconda3/envs/assy02_apiDesign/lib/python3.8/site-packages/urllib3/connectionpool.py", line 387, in _make_request
    conn.request(method, url, **httplib_request_kw)
  File "/home/ece-student/anaconda3/envs/assy02_apiDesign/lib/python3.8/http/client.py", line 1230, in request
    self._send_request(method, url, body, headers, encode_chunked)
  File "/home/ece-student/anaconda3/envs/assy02_apiDesign/lib/python3.8/http/client.py", line 1276, in _send_request
    self.endheaders(body, encode_chunked=encode_chunked)
  File "/home/ece-student/anaconda3/envs/assy02_apiDesign/lib/python3.8/http/client.py", line 1225, in endheaders
    self._send_output(message_body, encode_chunked=encode_chunked)
  File "/home/ece-student/anaconda3/envs/assy02_apiDesign/lib/python3.8/http/client.py", line 1004, in _send_output
    self.send(msg)
  File "/home/ece-student/anaconda3/envs/assy02_apiDesign/lib/python3.8/http/client.py", line 965, in send
    self.sock.sendall(data)
  File "/home/ece-student/anaconda3/envs/assy02_apiDesign/lib/python3.8/ssl.py", line 1204, in sendall
    v = self.send(byte_view[count:])
  File "/home/ece-student/anaconda3/envs/assy02_apiDesign/lib/python3.8/ssl.py", line 1173, in send
    return self._sslobj.write(data)
urllib3.exceptions.ProtocolError: ('Connection aborted.', BrokenPipeError(32, 'Broken pipe'))

During handling of the above exception, another exception occurred:

Traceback (most recent call last):
  File "/home/ece-student/anaconda3/envs/assy02_apiDesign/lib/python3.8/site-packages/google/auth/transport/requests.py", line 176, in __call__
    response = self.session.request(
  File "/home/ece-student/anaconda3/envs/assy02_apiDesign/lib/python3.8/site-packages/requests/sessions.py", line 533, in request
    resp = self.send(prep, **send_kwargs)
  File "/home/ece-student/anaconda3/envs/assy02_apiDesign/lib/python3.8/site-packages/requests/sessions.py", line 646, in send
    r = adapter.send(request, **kwargs)
  File "/home/ece-student/anaconda3/envs/assy02_apiDesign/lib/python3.8/site-packages/requests/adapters.py", line 498, in send
    raise ConnectionError(err, request=request)
requests.exceptions.ConnectionError: ('Connection aborted.', BrokenPipeError(32, 'Broken pipe'))

The above exception was the direct cause of the following exception:

Traceback (most recent call last):
  File "/home/ece-student/anaconda3/envs/assy02_apiDesign/lib/python3.8/concurrent/futures/_base.py", line 328, in _invoke_callbacks
    callback(self)
  File "/home/ece-student/anaconda3/envs/assy02_apiDesign/lib/python3.8/site-packages/google/auth/transport/grpc.py", line 75, in wrapped
    callback(future.result(), None)
  File "/home/ece-student/anaconda3/envs/assy02_apiDesign/lib/python3.8/concurrent/futures/_base.py", line 432, in result
    return self.__get_result()
  File "/home/ece-student/anaconda3/envs/assy02_apiDesign/lib/python3.8/concurrent/futures/_base.py", line 388, in __get_result
    raise self._exception
  File "/home/ece-student/anaconda3/envs/assy02_apiDesign/lib/python3.8/concurrent/futures/thread.py", line 57, in run
    result = self.fn(*self.args, **self.kwargs)
  File "/home/ece-student/anaconda3/envs/assy02_apiDesign/lib/python3.8/site-packages/google/auth/transport/grpc.py", line 66, in _get_authorization_headers
    self._credentials.before_request(
  File "/home/ece-student/anaconda3/envs/assy02_apiDesign/lib/python3.8/site-packages/google/auth/credentials.py", line 124, in before_request
    self.refresh(request)
  File "/home/ece-student/anaconda3/envs/assy02_apiDesign/lib/python3.8/site-packages/google/oauth2/service_account.py", line 334, in refresh
    access_token, expiry, _ = _client.jwt_grant(request, self._token_uri, assertion)
  File "/home/ece-student/anaconda3/envs/assy02_apiDesign/lib/python3.8/site-packages/google/oauth2/_client.py", line 153, in jwt_grant
    response_data = _token_endpoint_request(request, token_uri, body)
  File "/home/ece-student/anaconda3/envs/assy02_apiDesign/lib/python3.8/site-packages/google/oauth2/_client.py", line 105, in _token_endpoint_request
    response = request(method="POST", url=token_uri, headers=headers, body=body)
  File "/home/ece-student/anaconda3/envs/assy02_apiDesign/lib/python3.8/site-packages/google/auth/transport/requests.py", line 182, in __call__
    six.raise_from(new_exc, caught_exc)
  File "<string>", line 3, in raise_from
google.auth.exceptions.TransportError: ('Connection aborted.', BrokenPipeError(32, 'Broken pipe'))

Analyzing page 105 of 200

Consumer-8: Processed output/2020_02_20/brabbott42_3_iter103
Classifying images, this takes some time...

^CProcess Consumer-8:
Process Consumer-9:
Process Consumer-5:
Process Consumer-2:
Process Consumer-10:
Process Consumer-19:
Process Consumer-20:
Process Consumer-14:
Process Consumer-7:
Process Consumer-1:
Traceback (most recent call last):
Process Consumer-17:
  File "/home/ece-student/anaconda3/envs/assy02_apiDesign/lib/python3.8/multiprocessing/process.py", line 315, in _bootstrap
    self.run()
  File "q2.py", line 20, in run
    next_task = self.task_queue.get()
  File "/home/ece-student/anaconda3/envs/assy02_apiDesign/lib/python3.8/multiprocessing/queues.py", line 97, in get
    res = self._recv_bytes()
  File "/home/ece-student/anaconda3/envs/assy02_apiDesign/lib/python3.8/multiprocessing/connection.py", line 216, in recv_bytes
    buf = self._recv_bytes(maxlength)
  File "/home/ece-student/anaconda3/envs/assy02_apiDesign/lib/python3.8/multiprocessing/connection.py", line 414, in _recv_bytes
    buf = self._recv(4)
  File "/home/ece-student/anaconda3/envs/assy02_apiDesign/lib/python3.8/multiprocessing/connection.py", line 379, in _recv
    chunk = read(handle, remaining)
KeyboardInterrupt
Process Consumer-6:
Process Consumer-11:
Process Consumer-3:
Process Consumer-12:
Process Consumer-15:
Process Consumer-18:
Process Consumer-4:
Traceback (most recent call last):
Traceback (most recent call last):
  File "/home/ece-student/anaconda3/envs/assy02_apiDesign/lib/python3.8/multiprocessing/process.py", line 315, in _bootstrap
    self.run()
  File "q2.py", line 20, in run
    next_task = self.task_queue.get()
  File "/home/ece-student/anaconda3/envs/assy02_apiDesign/lib/python3.8/multiprocessing/queues.py", line 96, in get
    with self._rlock:
  File "/home/ece-student/anaconda3/envs/assy02_apiDesign/lib/python3.8/multiprocessing/synchronize.py", line 95, in __enter__
    return self._semlock.__enter__()
KeyboardInterrupt
Traceback (most recent call last):
  File "/home/ece-student/anaconda3/envs/assy02_apiDesign/lib/python3.8/multiprocessing/process.py", line 315, in _bootstrap
    self.run()
  File "q2.py", line 20, in run
    next_task = self.task_queue.get()
  File "/home/ece-student/anaconda3/envs/assy02_apiDesign/lib/python3.8/multiprocessing/queues.py", line 96, in get
    with self._rlock:
  File "/home/ece-student/anaconda3/envs/assy02_apiDesign/lib/python3.8/multiprocessing/synchronize.py", line 95, in __enter__
    return self._semlock.__enter__()
KeyboardInterrupt
Traceback (most recent call last):
  File "/home/ece-student/anaconda3/envs/assy02_apiDesign/lib/python3.8/multiprocessing/process.py", line 315, in _bootstrap
    self.run()
  File "q2.py", line 27, in run
    answer = next_task()
  File "q2.py", line 39, in __call__
    word_cloud_from_txt(outfile)
  File "/home/ece-student/anaconda3/envs/assy02_apiDesign/lib/python3.8/site-packages/twittertools/make_word_cloud.py", line 30, in __init__
    wordcloud = WordCloud(max_font_size=40).generate(text)
  File "/home/ece-student/anaconda3/envs/assy02_apiDesign/lib/python3.8/site-packages/wordcloud/wordcloud.py", line 619, in generate
    return self.generate_from_text(text)
  File "/home/ece-student/anaconda3/envs/assy02_apiDesign/lib/python3.8/site-packages/wordcloud/wordcloud.py", line 601, in generate_from_text
    self.generate_from_frequencies(words)
Traceback (most recent call last):
Traceback (most recent call last):
  File "/home/ece-student/anaconda3/envs/assy02_apiDesign/lib/python3.8/multiprocessing/process.py", line 315, in _bootstrap
    self.run()
  File "q2.py", line 27, in run
    answer = next_task()
  File "q2.py", line 39, in __call__
    word_cloud_from_txt(outfile)
  File "/home/ece-student/anaconda3/envs/assy02_apiDesign/lib/python3.8/site-packages/twittertools/make_word_cloud.py", line 30, in __init__
    wordcloud = WordCloud(max_font_size=40).generate(text)
  File "/home/ece-student/anaconda3/envs/assy02_apiDesign/lib/python3.8/site-packages/wordcloud/wordcloud.py", line 619, in generate
    return self.generate_from_text(text)
  File "/home/ece-student/anaconda3/envs/assy02_apiDesign/lib/python3.8/site-packages/wordcloud/wordcloud.py", line 601, in generate_from_text
    self.generate_from_frequencies(words)
Traceback (most recent call last):
  File "/home/ece-student/anaconda3/envs/assy02_apiDesign/lib/python3.8/multiprocessing/process.py", line 315, in _bootstrap
    self.run()
  File "q2.py", line 20, in run
    next_task = self.task_queue.get()
  File "/home/ece-student/anaconda3/envs/assy02_apiDesign/lib/python3.8/multiprocessing/queues.py", line 96, in get
    with self._rlock:
  File "/home/ece-student/anaconda3/envs/assy02_apiDesign/lib/python3.8/multiprocessing/synchronize.py", line 95, in __enter__
    return self._semlock.__enter__()
KeyboardInterrupt
Traceback (most recent call last):
Traceback (most recent call last):
  File "/home/ece-student/anaconda3/envs/assy02_apiDesign/lib/python3.8/site-packages/wordcloud/wordcloud.py", line 510, in generate_from_frequencies
    x, y = np.array(result) + self.margin // 2
KeyboardInterrupt
  File "/home/ece-student/anaconda3/envs/assy02_apiDesign/lib/python3.8/multiprocessing/process.py", line 315, in _bootstrap
    self.run()
  File "q2.py", line 27, in run
    answer = next_task()
  File "q2.py", line 39, in __call__
    word_cloud_from_txt(outfile)
  File "/home/ece-student/anaconda3/envs/assy02_apiDesign/lib/python3.8/multiprocessing/process.py", line 315, in _bootstrap
    self.run()
  File "/home/ece-student/anaconda3/envs/assy02_apiDesign/lib/python3.8/multiprocessing/process.py", line 315, in _bootstrap
    self.run()
  File "q2.py", line 20, in run
    next_task = self.task_queue.get()
  File "/home/ece-student/anaconda3/envs/assy02_apiDesign/lib/python3.8/multiprocessing/queues.py", line 96, in get
    with self._rlock:
  File "/home/ece-student/anaconda3/envs/assy02_apiDesign/lib/python3.8/multiprocessing/synchronize.py", line 95, in __enter__
    return self._semlock.__enter__()
KeyboardInterrupt
  File "q2.py", line 27, in run
    answer = next_task()
  File "q2.py", line 39, in __call__
    word_cloud_from_txt(outfile)
  File "/home/ece-student/anaconda3/envs/assy02_apiDesign/lib/python3.8/site-packages/twittertools/make_word_cloud.py", line 24, in __init__
    wordcloud = WordCloud().generate(text)
  File "/home/ece-student/anaconda3/envs/assy02_apiDesign/lib/python3.8/site-packages/wordcloud/wordcloud.py", line 528, in generate_from_frequencies
    occupancy.update(img_array, x, y)
  File "/home/ece-student/anaconda3/envs/assy02_apiDesign/lib/python3.8/site-packages/wordcloud/wordcloud.py", line 50, in update
    partial_integral = np.cumsum(np.cumsum(img_array[pos_x:, pos_y:],
  File "/home/ece-student/anaconda3/envs/assy02_apiDesign/lib/python3.8/multiprocessing/process.py", line 315, in _bootstrap
    self.run()
  File "/home/ece-student/anaconda3/envs/assy02_apiDesign/lib/python3.8/site-packages/wordcloud/wordcloud.py", line 619, in generate
    return self.generate_from_text(text)
  File "/home/ece-student/anaconda3/envs/assy02_apiDesign/lib/python3.8/site-packages/wordcloud/wordcloud.py", line 601, in generate_from_text
    self.generate_from_frequencies(words)
  File "q2.py", line 27, in run
    answer = next_task()
  File "/home/ece-student/anaconda3/envs/assy02_apiDesign/lib/python3.8/site-packages/wordcloud/wordcloud.py", line 516, in generate_from_frequencies
    colors.append(self.color_func(word, font_size=font_size,
  File "q2.py", line 39, in __call__
    word_cloud_from_txt(outfile)
  File "/home/ece-student/anaconda3/envs/assy02_apiDesign/lib/python3.8/site-packages/wordcloud/wordcloud.py", line 108, in __call__
    r, g, b, _ = np.maximum(0, 255 * np.array(self.colormap(
IndexError: too many indices for array
  File "/home/ece-student/anaconda3/envs/assy02_apiDesign/lib/python3.8/site-packages/twittertools/make_word_cloud.py", line 24, in __init__
    wordcloud = WordCloud().generate(text)
  File "/home/ece-student/anaconda3/envs/assy02_apiDesign/lib/python3.8/site-packages/matplotlib/colors.py", line 535, in __call__
    xa[xa > self.N - 1] = self._i_over
KeyboardInterrupt
  File "/home/ece-student/anaconda3/envs/assy02_apiDesign/lib/python3.8/site-packages/twittertools/make_word_cloud.py", line 30, in __init__
    wordcloud = WordCloud(max_font_size=40).generate(text)
  File "/home/ece-student/anaconda3/envs/assy02_apiDesign/lib/python3.8/site-packages/wordcloud/wordcloud.py", line 619, in generate
    return self.generate_from_text(text)
  File "/home/ece-student/anaconda3/envs/assy02_apiDesign/lib/python3.8/site-packages/wordcloud/wordcloud.py", line 601, in generate_from_text
    self.generate_from_frequencies(words)
  File "/home/ece-student/anaconda3/envs/assy02_apiDesign/lib/python3.8/site-packages/wordcloud/wordcloud.py", line 619, in generate
    return self.generate_from_text(text)
  File "/home/ece-student/anaconda3/envs/assy02_apiDesign/lib/python3.8/site-packages/wordcloud/wordcloud.py", line 601, in generate_from_text
    self.generate_from_frequencies(words)
  File "/home/ece-student/anaconda3/envs/assy02_apiDesign/lib/python3.8/site-packages/wordcloud/wordcloud.py", line 516, in generate_from_frequencies
    colors.append(self.color_func(word, font_size=font_size,
  File "/home/ece-student/anaconda3/envs/assy02_apiDesign/lib/python3.8/site-packages/wordcloud/wordcloud.py", line 528, in generate_from_frequencies
    occupancy.update(img_array, x, y)
KeyboardInterrupt
  File "/home/ece-student/anaconda3/envs/assy02_apiDesign/lib/python3.8/site-packages/wordcloud/wordcloud.py", line 108, in __call__
    r, g, b, _ = np.maximum(0, 255 * np.array(self.colormap(
  File "/home/ece-student/anaconda3/envs/assy02_apiDesign/lib/python3.8/site-packages/matplotlib/colors.py", line 535, in __call__
    xa[xa > self.N - 1] = self._i_over
KeyboardInterrupt
Traceback (most recent call last):
  File "/home/ece-student/anaconda3/envs/assy02_apiDesign/lib/python3.8/multiprocessing/process.py", line 315, in _bootstrap
    self.run()
  File "q2.py", line 27, in run
    answer = next_task()
  File "q2.py", line 39, in __call__
    word_cloud_from_txt(outfile)
  File "/home/ece-student/anaconda3/envs/assy02_apiDesign/lib/python3.8/site-packages/twittertools/make_word_cloud.py", line 30, in __init__
    wordcloud = WordCloud(max_font_size=40).generate(text)
  File "/home/ece-student/anaconda3/envs/assy02_apiDesign/lib/python3.8/site-packages/wordcloud/wordcloud.py", line 619, in generate
    return self.generate_from_text(text)
  File "/home/ece-student/anaconda3/envs/assy02_apiDesign/lib/python3.8/site-packages/wordcloud/wordcloud.py", line 601, in generate_from_text
    self.generate_from_frequencies(words)
  File "/home/ece-student/anaconda3/envs/assy02_apiDesign/lib/python3.8/site-packages/wordcloud/wordcloud.py", line 523, in generate_from_frequencies
    img_array = np.asarray(img_grey)
Traceback (most recent call last):
  File "/home/ece-student/anaconda3/envs/assy02_apiDesign/lib/python3.8/multiprocessing/process.py", line 315, in _bootstrap
    self.run()
  File "q2.py", line 27, in run
    answer = next_task()
Traceback (most recent call last):
  File "/home/ece-student/anaconda3/envs/assy02_apiDesign/lib/python3.8/site-packages/numpy/core/_asarray.py", line 85, in asarray
    return array(a, dtype, copy=False, order=order)
KeyboardInterrupt
  File "/home/ece-student/anaconda3/envs/assy02_apiDesign/lib/python3.8/multiprocessing/process.py", line 315, in _bootstrap
    self.run()
  File "q2.py", line 39, in __call__
    word_cloud_from_txt(outfile)
  File "/home/ece-student/anaconda3/envs/assy02_apiDesign/lib/python3.8/site-packages/twittertools/make_word_cloud.py", line 30, in __init__
    wordcloud = WordCloud(max_font_size=40).generate(text)
  File "/home/ece-student/anaconda3/envs/assy02_apiDesign/lib/python3.8/site-packages/wordcloud/wordcloud.py", line 619, in generate
    return self.generate_from_text(text)
  File "/home/ece-student/anaconda3/envs/assy02_apiDesign/lib/python3.8/site-packages/wordcloud/wordcloud.py", line 601, in generate_from_text
    self.generate_from_frequencies(words)
  File "/home/ece-student/anaconda3/envs/assy02_apiDesign/lib/python3.8/site-packages/wordcloud/wordcloud.py", line 528, in generate_from_frequencies
    occupancy.update(img_array, x, y)
  File "/home/ece-student/anaconda3/envs/assy02_apiDesign/lib/python3.8/site-packages/wordcloud/wordcloud.py", line 50, in update
    partial_integral = np.cumsum(np.cumsum(img_array[pos_x:, pos_y:],
  File "<__array_function__ internals>", line 5, in cumsum
  File "/home/ece-student/anaconda3/envs/assy02_apiDesign/lib/python3.8/site-packages/numpy/core/fromnumeric.py", line 2470, in cumsum
    return _wrapfunc(a, 'cumsum', axis=axis, dtype=dtype, out=out)
Traceback (most recent call last):
  File "q2.py", line 27, in run
    answer = next_task()
  File "q2.py", line 39, in __call__
    word_cloud_from_txt(outfile)
  File "/home/ece-student/anaconda3/envs/assy02_apiDesign/lib/python3.8/site-packages/twittertools/make_word_cloud.py", line 30, in __init__
    wordcloud = WordCloud(max_font_size=40).generate(text)
  File "/home/ece-student/anaconda3/envs/assy02_apiDesign/lib/python3.8/site-packages/wordcloud/wordcloud.py", line 619, in generate
    return self.generate_from_text(text)
  File "/home/ece-student/anaconda3/envs/assy02_apiDesign/lib/python3.8/site-packages/wordcloud/wordcloud.py", line 601, in generate_from_text
    self.generate_from_frequencies(words)
  File "/home/ece-student/anaconda3/envs/assy02_apiDesign/lib/python3.8/site-packages/wordcloud/wordcloud.py", line 488, in generate_from_frequencies
    box_size = draw.textsize(word, font=transposed_font)
  File "/home/ece-student/anaconda3/envs/assy02_apiDesign/lib/python3.8/site-packages/PIL/ImageDraw.py", line 428, in textsize
    return font.getsize(text, direction, features, language, stroke_width)
  File "/home/ece-student/anaconda3/envs/assy02_apiDesign/lib/python3.8/site-packages/PIL/ImageFont.py", line 564, in getsize
    w, h = self.font.getsize(text)
  File "/home/ece-student/anaconda3/envs/assy02_apiDesign/lib/python3.8/site-packages/PIL/ImageFont.py", line 256, in getsize
    size, offset = self.font.getsize(text, direction, features, language)
KeyboardInterrupt
  File "/home/ece-student/anaconda3/envs/assy02_apiDesign/lib/python3.8/multiprocessing/process.py", line 315, in _bootstrap
    self.run()
  File "/home/ece-student/anaconda3/envs/assy02_apiDesign/lib/python3.8/site-packages/numpy/core/fromnumeric.py", line 61, in _wrapfunc
    return bound(*args, **kwds)
KeyboardInterrupt
Process Consumer-13:
  File "q2.py", line 27, in run
    answer = next_task()
  File "q2.py", line 37, in __call__
    self.a.classify_images()
  File "/home/ece-student/anaconda3/envs/assy02_apiDesign/lib/python3.8/site-packages/twittertools/tweet_import.py", line 281, in classify_images
    g_vision.process_file(image_file)
  File "/home/ece-student/anaconda3/envs/assy02_apiDesign/lib/python3.8/site-packages/twittertools/classify_image.py", line 59, in process_file
    response = self.client.label_detection(image=image)
  File "/home/ece-student/anaconda3/envs/assy02_apiDesign/lib/python3.8/site-packages/google/cloud/vision_helpers/decorators.py", line 101, in inner
    response = self.annotate_image(request, retry=retry, timeout=timeout)
  File "/home/ece-student/anaconda3/envs/assy02_apiDesign/lib/python3.8/site-packages/google/cloud/vision_helpers/__init__.py", line 72, in annotate_image
    r = self.batch_annotate_images([request], retry=retry, timeout=timeout)
  File "/home/ece-student/anaconda3/envs/assy02_apiDesign/lib/python3.8/site-packages/google/cloud/vision_v1/gapic/image_annotator_client.py", line 250, in batch_annotate_images
    ] = google.api_core.gapic_v1.method.wrap_method(
  File "/home/ece-student/anaconda3/envs/assy02_apiDesign/lib/python3.8/site-packages/google/api_core/gapic_v1/method.py", line 231, in wrap_method
    func = grpc_helpers.wrap_errors(func)
  File "/home/ece-student/anaconda3/envs/assy02_apiDesign/lib/python3.8/site-packages/google/api_core/grpc_helpers.py", line 152, in wrap_errors
    return _wrap_unary_errors(callable_)
  File "/home/ece-student/anaconda3/envs/assy02_apiDesign/lib/python3.8/site-packages/google/api_core/grpc_helpers.py", line 55, in _wrap_unary_errors
    def error_remapped_callable(*args, **kwargs):
  File "/home/ece-student/anaconda3/envs/assy02_apiDesign/lib/python3.8/functools.py", line 56, in update_wrapper
    getattr(wrapper, attr).update(getattr(wrapped, attr, {}))
KeyboardInterrupt
Traceback (most recent call last):
  File "/home/ece-student/anaconda3/envs/assy02_apiDesign/lib/python3.8/multiprocessing/process.py", line 315, in _bootstrap
    self.run()
  File "q2.py", line 27, in run
    answer = next_task()
  File "q2.py", line 37, in __call__
    self.a.classify_images()
Traceback (most recent call last):
  File "q2.py", line 69, in <module>
Traceback (most recent call last):
  File "/home/ece-student/anaconda3/envs/assy02_apiDesign/lib/python3.8/site-packages/twittertools/tweet_import.py", line 281, in classify_images
    g_vision.process_file(image_file)
  File "/home/ece-student/anaconda3/envs/assy02_apiDesign/lib/python3.8/site-packages/twittertools/classify_image.py", line 59, in process_file
    response = self.client.label_detection(image=image)
  File "/home/ece-student/anaconda3/envs/assy02_apiDesign/lib/python3.8/multiprocessing/process.py", line 315, in _bootstrap
    self.run()
  File "/home/ece-student/anaconda3/envs/assy02_apiDesign/lib/python3.8/site-packages/google/cloud/vision_helpers/decorators.py", line 101, in inner
    response = self.annotate_image(request, retry=retry, timeout=timeout)
  File "/home/ece-student/anaconda3/envs/assy02_apiDesign/lib/python3.8/site-packages/google/cloud/vision_helpers/__init__.py", line 72, in annotate_image
    r = self.batch_annotate_images([request], retry=retry, timeout=timeout)
  File "/home/ece-student/anaconda3/envs/assy02_apiDesign/lib/python3.8/site-packages/google/cloud/vision_v1/gapic/image_annotator_client.py", line 273, in batch_annotate_images
    return self._inner_api_calls["batch_annotate_images"](
  File "/home/ece-student/anaconda3/envs/assy02_apiDesign/lib/python3.8/site-packages/google/api_core/gapic_v1/method.py", line 143, in __call__
    return wrapped_func(*args, **kwargs)
  File "q2.py", line 27, in run
    answer = next_task()
  File "/home/ece-student/anaconda3/envs/assy02_apiDesign/lib/python3.8/site-packages/google/api_core/grpc_helpers.py", line 57, in error_remapped_callable
    return callable_(*args, **kwargs)
  File "q2.py", line 39, in __call__
    word_cloud_from_txt(outfile)
  File "/home/ece-student/anaconda3/envs/assy02_apiDesign/lib/python3.8/site-packages/grpc/_channel.py", line 822, in __call__
    state, call, = self._blocking(request, timeout, metadata, credentials,
  File "/home/ece-student/anaconda3/envs/assy02_apiDesign/lib/python3.8/site-packages/twittertools/make_word_cloud.py", line 31, in __init__
    plt.figure()
  File "/home/ece-student/anaconda3/envs/assy02_apiDesign/lib/python3.8/site-packages/matplotlib/pyplot.py", line 539, in figure
    figManager = new_figure_manager(num, figsize=figsize,
  File "/home/ece-student/anaconda3/envs/assy02_apiDesign/lib/python3.8/site-packages/matplotlib/backend_bases.py", line 3261, in new_figure_manager
    return cls.new_figure_manager_given_figure(num, fig)
  File "/home/ece-student/anaconda3/envs/assy02_apiDesign/lib/python3.8/site-packages/grpc/_channel.py", line 811, in _blocking
    event = call.next_event()
  File "src/python/grpcio/grpc/_cython/_cygrpc/channel.pyx.pxi", line 340, in grpc._cython.cygrpc.SegregatedCall.next_event
  File "/home/ece-student/anaconda3/envs/assy02_apiDesign/lib/python3.8/site-packages/matplotlib/backends/_backend_tk.py", line 967, in new_figure_manager_given_figure
    manager = cls.FigureManager(canvas, num, window)
  File "/home/ece-student/anaconda3/envs/assy02_apiDesign/lib/python3.8/site-packages/matplotlib/backends/_backend_tk.py", line 501, in __init__
    self.toolbar = self._get_toolbar()
  File "/home/ece-student/anaconda3/envs/assy02_apiDesign/lib/python3.8/site-packages/matplotlib/backends/_backend_tk.py", line 517, in _get_toolbar
    toolbar = NavigationToolbar2Tk(self.canvas, self.window)
  File "src/python/grpcio/grpc/_cython/_cygrpc/channel.pyx.pxi", line 173, in grpc._cython.cygrpc._next_call_event
  File "src/python/grpcio/grpc/_cython/_cygrpc/channel.pyx.pxi", line 167, in grpc._cython.cygrpc._next_call_event
  File "src/python/grpcio/grpc/_cython/_cygrpc/completion_queue.pyx.pxi", line 67, in grpc._cython.cygrpc._latent_event
    tweetClass.analyzeUsername(username, tweetcount=50, noverlap=40)
  File "/home/ece-student/anaconda3/envs/assy02_apiDesign/lib/python3.8/site-packages/matplotlib/backends/_backend_tk.py", line 593, in __init__
    NavigationToolbar2.__init__(self, canvas)
  File "/home/ece-student/anaconda3/envs/assy02_apiDesign/lib/python3.8/site-packages/matplotlib/backend_bases.py", line 2636, in __init__
    self._init_toolbar()
  File "/home/ece-student/anaconda3/envs/assy02_apiDesign/lib/python3.8/site-packages/matplotlib/backends/_backend_tk.py", line 651, in _init_toolbar
    button = self._Button(text=text, file=image_file,
  File "/home/ece-student/anaconda3/envs/assy02_apiDesign/lib/python3.8/site-packages/matplotlib/backends/_backend_tk.py", line 624, in _Button
    b = tk.Button(
  File "/home/ece-student/anaconda3/envs/assy02_apiDesign/lib/python3.8/site-packages/twittertools/tweet_import.py", line 166, in analyzeUsername
    new_tweets = self.client.user_timeline(screen_name=self.user,
  File "src/python/grpcio/grpc/_cython/_cygrpc/completion_queue.pyx.pxi", line 46, in grpc._cython.cygrpc._next
  File "/home/ece-student/anaconda3/envs/assy02_apiDesign/lib/python3.8/tkinter/__init__.py", line 2645, in __init__
    Widget.__init__(self, master, 'button', cnf, kw)
  File "/home/ece-student/anaconda3/envs/assy02_apiDesign/lib/python3.8/tkinter/__init__.py", line 2567, in __init__
    self.tk.call(
KeyboardInterrupt
KeyboardInterrupt
  File "/home/ece-student/anaconda3/envs/assy02_apiDesign/lib/python3.8/site-packages/tweepy/binder.py", line 250, in _call
Traceback (most recent call last):
  File "/home/ece-student/anaconda3/envs/assy02_apiDesign/lib/python3.8/multiprocessing/process.py", line 315, in _bootstrap
    self.run()
  File "q2.py", line 27, in run
    answer = next_task()
  File "q2.py", line 39, in __call__
    word_cloud_from_txt(outfile)
  File "/home/ece-student/anaconda3/envs/assy02_apiDesign/lib/python3.8/site-packages/twittertools/make_word_cloud.py", line 32, in __init__
    plt.imshow(wordcloud, interpolation="bilinear")
  File "/home/ece-student/anaconda3/envs/assy02_apiDesign/lib/python3.8/site-packages/matplotlib/pyplot.py", line 2678, in imshow
    __ret = gca().imshow(
  File "/home/ece-student/anaconda3/envs/assy02_apiDesign/lib/python3.8/site-packages/matplotlib/pyplot.py", line 926, in gca
    return gcf().gca(**kwargs)
  File "/home/ece-student/anaconda3/envs/assy02_apiDesign/lib/python3.8/site-packages/matplotlib/figure.py", line 1932, in gca
    return self.add_subplot(1, 1, 1, **kwargs)
  File "/home/ece-student/anaconda3/envs/assy02_apiDesign/lib/python3.8/site-packages/matplotlib/figure.py", line 1414, in add_subplot
    a = subplot_class_factory(projection_class)(self, *args, **kwargs)
  File "/home/ece-student/anaconda3/envs/assy02_apiDesign/lib/python3.8/site-packages/matplotlib/axes/_subplots.py", line 69, in __init__
    self._axes_class.__init__(self, fig, self.figbox, **kwargs)
    return method.execute()
  File "/home/ece-student/anaconda3/envs/assy02_apiDesign/lib/python3.8/site-packages/tweepy/binder.py", line 183, in execute
    resp = self.session.request(self.method,
  File "/home/ece-student/anaconda3/envs/assy02_apiDesign/lib/python3.8/site-packages/matplotlib/axes/_base.py", line 486, in __init__
    self._init_axis()
  File "/home/ece-student/anaconda3/envs/assy02_apiDesign/lib/python3.8/site-packages/matplotlib/axes/_base.py", line 596, in _init_axis
    self.xaxis = maxis.XAxis(self)
  File "/home/ece-student/anaconda3/envs/assy02_apiDesign/lib/python3.8/site-packages/matplotlib/axis.py", line 750, in __init__
    self.cla()
  File "/home/ece-student/anaconda3/envs/assy02_apiDesign/lib/python3.8/site-packages/matplotlib/axis.py", line 824, in cla
    self._set_scale('linear')
  File "/home/ece-student/anaconda3/envs/assy02_apiDesign/lib/python3.8/site-packages/matplotlib/axis.py", line 800, in _set_scale
    self._scale.set_default_locators_and_formatters(self)
  File "/home/ece-student/anaconda3/envs/assy02_apiDesign/lib/python3.8/site-packages/matplotlib/scale.py", line 91, in set_default_locators_and_formatters
    axis.set_major_locator(AutoLocator())
  File "/home/ece-student/anaconda3/envs/assy02_apiDesign/lib/python3.8/site-packages/matplotlib/ticker.py", line 2673, in __init__
    MaxNLocator.__init__(self, nbins=nbins, steps=steps)
  File "/home/ece-student/anaconda3/envs/assy02_apiDesign/lib/python3.8/site-packages/matplotlib/ticker.py", line 1946, in __init__
    self.set_params(**{**self.default_params, **kwargs})
  File "/home/ece-student/anaconda3/envs/assy02_apiDesign/lib/python3.8/site-packages/matplotlib/ticker.py", line 2009, in set_params
    self._steps = self._validate_steps(steps)
  File "/home/ece-student/anaconda3/envs/assy02_apiDesign/lib/python3.8/site-packages/matplotlib/ticker.py", line 1954, in _validate_steps
    if np.any(np.diff(steps) <= 0) or steps[-1] > 10 or steps[0] < 1:
  File "<__array_function__ internals>", line 5, in diff
  File "/home/ece-student/anaconda3/envs/assy02_apiDesign/lib/python3.8/site-packages/numpy/lib/function_base.py", line 1260, in diff
    slice1 = [slice(None)] * nd
KeyboardInterrupt
Traceback (most recent call last):
  File "/home/ece-student/anaconda3/envs/assy02_apiDesign/lib/python3.8/site-packages/requests/sessions.py", line 533, in request
  File "/home/ece-student/anaconda3/envs/assy02_apiDesign/lib/python3.8/multiprocessing/process.py", line 315, in _bootstrap
    self.run()
  File "q2.py", line 27, in run
    answer = next_task()
  File "q2.py", line 39, in __call__
    word_cloud_from_txt(outfile)
  File "/home/ece-student/anaconda3/envs/assy02_apiDesign/lib/python3.8/site-packages/twittertools/make_word_cloud.py", line 32, in __init__
    plt.imshow(wordcloud, interpolation="bilinear")
  File "/home/ece-student/anaconda3/envs/assy02_apiDesign/lib/python3.8/site-packages/matplotlib/pyplot.py", line 2678, in imshow
    __ret = gca().imshow(
  File "/home/ece-student/anaconda3/envs/assy02_apiDesign/lib/python3.8/site-packages/matplotlib/pyplot.py", line 926, in gca
    return gcf().gca(**kwargs)
  File "/home/ece-student/anaconda3/envs/assy02_apiDesign/lib/python3.8/site-packages/matplotlib/figure.py", line 1932, in gca
    return self.add_subplot(1, 1, 1, **kwargs)
  File "/home/ece-student/anaconda3/envs/assy02_apiDesign/lib/python3.8/site-packages/matplotlib/figure.py", line 1414, in add_subplot
    a = subplot_class_factory(projection_class)(self, *args, **kwargs)
  File "/home/ece-student/anaconda3/envs/assy02_apiDesign/lib/python3.8/site-packages/matplotlib/axes/_subplots.py", line 69, in __init__
    self._axes_class.__init__(self, fig, self.figbox, **kwargs)
  File "/home/ece-student/anaconda3/envs/assy02_apiDesign/lib/python3.8/site-packages/matplotlib/axes/_base.py", line 495, in __init__
    self.cla()
  File "/home/ece-student/anaconda3/envs/assy02_apiDesign/lib/python3.8/site-packages/matplotlib/axes/_base.py", line 1091, in cla
    self.xaxis.set_clip_path(self.patch)
  File "/home/ece-student/anaconda3/envs/assy02_apiDesign/lib/python3.8/site-packages/matplotlib/axis.py", line 948, in set_clip_path
    child.set_clip_path(clippath, transform)
  File "/home/ece-student/anaconda3/envs/assy02_apiDesign/lib/python3.8/site-packages/matplotlib/axis.py", line 233, in set_clip_path
    self.gridline.set_clip_path(clippath, transform)
  File "/home/ece-student/anaconda3/envs/assy02_apiDesign/lib/python3.8/site-packages/matplotlib/artist.py", line 732, in set_clip_path
    path.get_transform())
  File "/home/ece-student/anaconda3/envs/assy02_apiDesign/lib/python3.8/site-packages/matplotlib/patches.py", line 214, in get_transform
    return self.get_patch_transform() + artist.Artist.get_transform(self)
  File "/home/ece-student/anaconda3/envs/assy02_apiDesign/lib/python3.8/site-packages/matplotlib/patches.py", line 758, in get_patch_transform
    self._update_patch_transform()
  File "/home/ece-student/anaconda3/envs/assy02_apiDesign/lib/python3.8/site-packages/matplotlib/patches.py", line 737, in _update_patch_transform
    rot_trans.rotate_deg_around(x0, y0, self.angle)
  File "/home/ece-student/anaconda3/envs/assy02_apiDesign/lib/python3.8/site-packages/matplotlib/transforms.py", line 1960, in rotate_deg_around
    return self.translate(-x, -y).rotate_deg(degrees).translate(x, y)
  File "/home/ece-student/anaconda3/envs/assy02_apiDesign/lib/python3.8/site-packages/matplotlib/transforms.py", line 1972, in translate
    self._mtx = np.dot(translate_mtx, self._mtx)
  File "<__array_function__ internals>", line 5, in dot
KeyboardInterrupt
Traceback (most recent call last):
    resp = self.send(prep, **send_kwargs)
  File "/home/ece-student/anaconda3/envs/assy02_apiDesign/lib/python3.8/site-packages/requests/sessions.py", line 646, in send
    r = adapter.send(request, **kwargs)
  File "/home/ece-student/anaconda3/envs/assy02_apiDesign/lib/python3.8/site-packages/requests/adapters.py", line 439, in send
  File "/home/ece-student/anaconda3/envs/assy02_apiDesign/lib/python3.8/multiprocessing/process.py", line 315, in _bootstrap
    self.run()
  File "q2.py", line 27, in run
    answer = next_task()
    resp = conn.urlopen(
  File "/home/ece-student/anaconda3/envs/assy02_apiDesign/lib/python3.8/site-packages/urllib3/connectionpool.py", line 665, in urlopen
  File "q2.py", line 39, in __call__
    word_cloud_from_txt(outfile)
  File "/home/ece-student/anaconda3/envs/assy02_apiDesign/lib/python3.8/site-packages/twittertools/make_word_cloud.py", line 31, in __init__
    plt.figure()
  File "/home/ece-student/anaconda3/envs/assy02_apiDesign/lib/python3.8/site-packages/matplotlib/pyplot.py", line 539, in figure
    figManager = new_figure_manager(num, figsize=figsize,
  File "/home/ece-student/anaconda3/envs/assy02_apiDesign/lib/python3.8/site-packages/matplotlib/backend_bases.py", line 3261, in new_figure_manager
    return cls.new_figure_manager_given_figure(num, fig)
  File "/home/ece-student/anaconda3/envs/assy02_apiDesign/lib/python3.8/site-packages/matplotlib/backends/_backend_tk.py", line 950, in new_figure_manager_given_figure
    window = tk.Tk(className="matplotlib")
  File "/home/ece-student/anaconda3/envs/assy02_apiDesign/lib/python3.8/tkinter/__init__.py", line 2261, in __init__
    self.tk = _tkinter.create(screenName, baseName, className, interactive, wantobjects, useTk, sync, use)
KeyboardInterrupt
    httplib_response = self._make_request(
  File "/home/ece-student/anaconda3/envs/assy02_apiDesign/lib/python3.8/site-packages/urllib3/connectionpool.py", line 376, in _make_request
    self._validate_conn(conn)
  File "/home/ece-student/anaconda3/envs/assy02_apiDesign/lib/python3.8/site-packages/urllib3/connectionpool.py", line 994, in _validate_conn
    conn.connect()
  File "/home/ece-student/anaconda3/envs/assy02_apiDesign/lib/python3.8/site-packages/urllib3/connection.py", line 352, in connect
    self.sock = ssl_wrap_socket(
  File "/home/ece-student/anaconda3/envs/assy02_apiDesign/lib/python3.8/site-packages/urllib3/util/ssl_.py", line 336, in ssl_wrap_socket
    context.load_verify_locations(ca_certs, ca_cert_dir)
KeyboardInterrupt
Process Consumer-16:
Traceback (most recent call last):
  File "/home/ece-student/anaconda3/envs/assy02_apiDesign/lib/python3.8/multiprocessing/process.py", line 315, in _bootstrap
    self.run()
  File "q2.py", line 27, in run
    answer = next_task()
  File "q2.py", line 39, in __call__
    word_cloud_from_txt(outfile)
  File "/home/ece-student/anaconda3/envs/assy02_apiDesign/lib/python3.8/site-packages/twittertools/make_word_cloud.py", line 31, in __init__
    plt.figure()
  File "/home/ece-student/anaconda3/envs/assy02_apiDesign/lib/python3.8/site-packages/matplotlib/pyplot.py", line 539, in figure
    figManager = new_figure_manager(num, figsize=figsize,
  File "/home/ece-student/anaconda3/envs/assy02_apiDesign/lib/python3.8/site-packages/matplotlib/backend_bases.py", line 3261, in new_figure_manager
    return cls.new_figure_manager_given_figure(num, fig)
  File "/home/ece-student/anaconda3/envs/assy02_apiDesign/lib/python3.8/site-packages/matplotlib/backends/_backend_tk.py", line 950, in new_figure_manager_given_figure
    window = tk.Tk(className="matplotlib")
  File "/home/ece-student/anaconda3/envs/assy02_apiDesign/lib/python3.8/tkinter/__init__.py", line 2261, in __init__
    self.tk = _tkinter.create(screenName, baseName, className, interactive, wantobjects, useTk, sync, use)
KeyboardInterrupt

(assy02_apiDesign) /media/sf_JP-Macbook/Documents/ec500/video-sullyj42> 
